<?xml version="1.0" encoding="UTF-8"?>
<!-- Generated by org.testng.reporters.JUnitReportReporter -->
<testsuite skipped="0" hostname="IN-PG02NKED" name="com.Runner.Runner" tests="1" failures="0" timestamp="21 Mar 2022 13:05:52 GMT" time="16.883" errors="0">
  <testcase name="feature" time="16.883" classname="com.Runner.Runner"/>
</testsuite> <!-- com.Runner.Runner -->
